on_alert_fastresume_rejected:  fast resume rejected. (/home/xorob0/Downloads/Ai_Japanese_CumSlut.mp4): mismatching file size
on_alert_fastresume_rejected:  fast resume rejected. check resume(): missing or invalid 'file sizes' entry
on_alert_fastresume_rejected:  fast resume rejected. (/home/xorob0/Downloads/xart.16.04.15.joseline.and.leah.gotti.threesome.with.a.view.mp4): mismatching file size
on_alert_fastresume_rejected:  fast resume rejected. (/home/xorob0/Downloads/x-art_caprice_double_tease_540.mp4): mismatching file size
on_alert_fastresume_rejected:  fast resume rejected. (/home/xorob0/Downloads/x-art_jenna_james_seth_double_daydreams_540.mov): mismatching file size
on_alert_fastresume_rejected:  fast resume rejected. (/home/xorob0/Downloads/Couples Fantasies 2(new)/Alexa Grace, Lena Anderson.mp4): mismatching file size
on_alert_fastresume_rejected:  fast resume rejected. (/home/xorob0/Downloads/x-art_red_fox_kim_double_oh_heaven_720.mp4): mismatching file size
on_alert_fastresume_rejected:  fast resume rejected. (/home/xorob0/Downloads/[X-Art] Carrol, Chrissy Fox (Every Guy's Perfect Threesome - 08.04.16) rq.mp4): mismatching file size
on_alert_fastresume_rejected:  fast resume rejected. (/home/xorob0/Downloads/LegalPorno - Gina Gerson 12 man gangbang SZ1616 02.03.17/LegalPorno - Gina Gerson 12 man gangbang SZ1616 02.03.17.mp4): mismatching file size
on_alert_fastresume_rejected:  fast resume rejected. (/home/xorob0/Downloads/LegalPorno - 7on1 Double Anal GangBang with Kira Thorn GIO307 02.02.17[tk].mp4): mismatching file size
on_alert_fastresume_rejected:  fast resume rejected. (/home/xorob0/Downloads/Compilation - The Final 10 Favorite Female Orgasm Contest.wmv): mismatching file size
on_alert_fastresume_rejected:  fast resume rejected. (/home/xorob0/Downloads/IdeaGasms - Squirting Orgasms.AVI): mismatching file size
on_alert_fastresume_rejected:  fast resume rejected. stat(/home/xorob0/Downloads/The.Office Season 1-8 [720p] [HD]/The.Office - Season 1 [720p]/The.Office S01E06  - Hot Girl [720p].mkv): mismatching file timestamp
There is a deluge daemon running with this config directory!
You cannot run multiple daemons with the same config directory set.
If you believe this is an error, you can force a start by deleting /home/xorob0/.config/deluge/deluged.pid.
on_alert_fastresume_rejected:  fast resume rejected. check resume(): missing or invalid 'file sizes' entry
on_alert_fastresume_rejected:  fast resume rejected. check resume(): missing or invalid 'file sizes' entry
on_alert_fastresume_rejected:  fast resume rejected. check resume(): missing or invalid 'file sizes' entry
on_alert_fastresume_rejected:  fast resume rejected. check resume(): missing or invalid 'file sizes' entry
on_alert_fastresume_rejected:  fast resume rejected. check resume(): missing or invalid 'file sizes' entry
on_alert_fastresume_rejected:  fast resume rejected. check resume(): missing or invalid 'file sizes' entry
on_alert_fastresume_rejected:  fast resume rejected. check resume(): missing or invalid 'file sizes' entry
on_alert_fastresume_rejected:  fast resume rejected. check resume(): missing or invalid 'file sizes' entry
on_alert_fastresume_rejected:  fast resume rejected. check resume(): missing or invalid 'file sizes' entry
on_alert_fastresume_rejected:  fast resume rejected. (/home/xorob0/Downloads/LegalPorno - Gina Gerson 12 man gangbang SZ1616 02.03.17/LegalPorno - Gina Gerson 12 man gangbang SZ1616 02.03.17.mp4): mismatching file size
on_alert_fastresume_rejected:  fast resume rejected. check resume(): missing or invalid 'file sizes' entry
on_alert_fastresume_rejected:  fast resume rejected. check resume(): missing or invalid 'file sizes' entry
on_alert_fastresume_rejected:  fast resume rejected. check resume(): missing or invalid 'file sizes' entry
on_alert_fastresume_rejected:  fast resume rejected. check resume(): missing or invalid 'file sizes' entry
on_alert_fastresume_rejected:  fast resume rejected. check resume(): missing or invalid 'file sizes' entry
on_alert_fastresume_rejected:  fast resume rejected. check resume(): missing or invalid 'file sizes' entry
on_alert_fastresume_rejected:  fast resume rejected. check resume(): missing or invalid 'file sizes' entry
on_alert_fastresume_rejected:  fast resume rejected. check resume(): missing or invalid 'file sizes' entry
on_alert_fastresume_rejected:  fast resume rejected. check resume(): missing or invalid 'file sizes' entry
on_alert_fastresume_rejected:  fast resume rejected. check resume(): missing or invalid 'file sizes' entry
on_alert_fastresume_rejected:  fast resume rejected. check resume(): missing or invalid 'file sizes' entry
on_alert_fastresume_rejected:  fast resume rejected. check resume(): missing or invalid 'file sizes' entry
on_alert_fastresume_rejected:  fast resume rejected. check resume(): missing or invalid 'file sizes' entry
on_alert_fastresume_rejected:  fast resume rejected. check resume(): missing or invalid 'file sizes' entry
on_alert_fastresume_rejected:  fast resume rejected. check resume(): missing or invalid 'file sizes' entry
on_alert_fastresume_rejected:  fast resume rejected. check resume(): missing or invalid 'file sizes' entry
on_alert_fastresume_rejected:  fast resume rejected. check resume(): missing or invalid 'file sizes' entry
on_alert_fastresume_rejected:  fast resume rejected. check resume(): missing or invalid 'file sizes' entry
on_alert_fastresume_rejected:  fast resume rejected. check resume(): missing or invalid 'file sizes' entry
on_alert_fastresume_rejected:  fast resume rejected. check resume(): missing or invalid 'file sizes' entry
on_alert_fastresume_rejected:  fast resume rejected. check resume(): missing or invalid 'file sizes' entry
on_alert_fastresume_rejected:  fast resume rejected. check resume(): missing or invalid 'file sizes' entry
on_alert_fastresume_rejected:  fast resume rejected. check resume(): missing or invalid 'file sizes' entry
on_alert_fastresume_rejected:  fast resume rejected. check resume(): missing or invalid 'file sizes' entry
on_alert_fastresume_rejected:  fast resume rejected. check resume(): missing or invalid 'file sizes' entry
on_alert_fastresume_rejected:  fast resume rejected. check resume(): missing or invalid 'file sizes' entry
on_alert_fastresume_rejected:  fast resume rejected. check resume(): missing or invalid 'file sizes' entry
on_alert_fastresume_rejected:  fast resume rejected. check resume(): missing or invalid 'file sizes' entry
on_alert_fastresume_rejected:  fast resume rejected. check resume(): missing or invalid 'file sizes' entry
on_alert_fastresume_rejected:  fast resume rejected. check resume(): missing or invalid 'file sizes' entry
on_alert_fastresume_rejected:  fast resume rejected. check resume(): missing or invalid 'file sizes' entry
on_alert_fastresume_rejected:  fast resume rejected. check resume(): missing or invalid 'file sizes' entry
on_alert_fastresume_rejected:  fast resume rejected. check resume(): missing or invalid 'file sizes' entry
on_alert_fastresume_rejected:  fast resume rejected. check resume(): missing or invalid 'file sizes' entry
on_alert_fastresume_rejected:  fast resume rejected. check resume(): missing or invalid 'file sizes' entry
on_alert_fastresume_rejected:  fast resume rejected. check resume(): missing or invalid 'file sizes' entry
on_alert_fastresume_rejected:  fast resume rejected. check resume(): missing or invalid 'file sizes' entry
on_alert_fastresume_rejected:  fast resume rejected. check resume(): missing or invalid 'file sizes' entry
on_alert_fastresume_rejected:  fast resume rejected. check resume(): missing or invalid 'file sizes' entry
on_alert_fastresume_rejected:  fast resume rejected. (/home/xorob0/Downloads/LegalPorno - Gina Gerson 12 man gangbang SZ1616 02.03.17/LegalPorno - Gina Gerson 12 man gangbang SZ1616 02.03.17.mp4): mismatching file size
on_alert_fastresume_rejected:  fast resume rejected. check resume(): missing or invalid 'file sizes' entry
on_alert_fastresume_rejected:  fast resume rejected. check resume(): missing or invalid 'file sizes' entry
on_alert_fastresume_rejected:  fast resume rejected. check resume(): missing or invalid 'file sizes' entry
on_alert_fastresume_rejected:  fast resume rejected. check resume(): missing or invalid 'file sizes' entry
on_alert_fastresume_rejected:  fast resume rejected. check resume(): missing or invalid 'file sizes' entry
on_alert_fastresume_rejected:  fast resume rejected. check resume(): missing or invalid 'file sizes' entry
on_alert_fastresume_rejected:  fast resume rejected. check resume(): missing or invalid 'file sizes' entry
on_alert_fastresume_rejected:  fast resume rejected. check resume(): missing or invalid 'file sizes' entry
on_alert_fastresume_rejected:  fast resume rejected. check resume(): missing or invalid 'file sizes' entry
on_alert_fastresume_rejected:  fast resume rejected. check resume(): missing or invalid 'file sizes' entry
on_alert_fastresume_rejected:  fast resume rejected. check resume(): missing or invalid 'file sizes' entry
on_alert_fastresume_rejected:  fast resume rejected. check resume(): missing or invalid 'file sizes' entry
on_alert_fastresume_rejected:  fast resume rejected. check resume(): missing or invalid 'file sizes' entry
on_alert_fastresume_rejected:  fast resume rejected. check resume(): missing or invalid 'file sizes' entry
on_alert_fastresume_rejected:  fast resume rejected. check resume(): missing or invalid 'file sizes' entry
on_alert_fastresume_rejected:  fast resume rejected. check resume(): missing or invalid 'file sizes' entry
on_alert_fastresume_rejected:  fast resume rejected. check resume(): missing or invalid 'file sizes' entry
on_alert_fastresume_rejected:  fast resume rejected. check resume(): missing or invalid 'file sizes' entry
on_alert_fastresume_rejected:  fast resume rejected. check resume(): missing or invalid 'file sizes' entry
on_alert_fastresume_rejected:  fast resume rejected. check resume(): missing or invalid 'file sizes' entry
on_alert_fastresume_rejected:  fast resume rejected. check resume(): missing or invalid 'file sizes' entry
on_alert_fastresume_rejected:  fast resume rejected. check resume(): missing or invalid 'file sizes' entry
on_alert_fastresume_rejected:  fast resume rejected. check resume(): missing or invalid 'file sizes' entry
on_alert_fastresume_rejected:  fast resume rejected. check resume(): missing or invalid 'file sizes' entry
on_alert_fastresume_rejected:  fast resume rejected. check resume(): missing or invalid 'file sizes' entry
on_alert_fastresume_rejected:  fast resume rejected. check resume(): missing or invalid 'file sizes' entry
on_alert_fastresume_rejected:  fast resume rejected. check resume(): missing or invalid 'file sizes' entry
on_alert_fastresume_rejected:  fast resume rejected. check resume(): missing or invalid 'file sizes' entry
on_alert_fastresume_rejected:  fast resume rejected. check resume(): missing or invalid 'file sizes' entry
on_alert_fastresume_rejected:  fast resume rejected. check resume(): missing or invalid 'file sizes' entry
on_alert_fastresume_rejected:  fast resume rejected. check resume(): missing or invalid 'file sizes' entry
on_alert_fastresume_rejected:  fast resume rejected. check resume(): missing or invalid 'file sizes' entry
